Downloading BCHARTS/COINBASEUSD from Quandl
Cached BCHARTS/COINBASEUSD at ./data/BCHARTS-COINBASEUSD.pkl
Downloading BCHARTS/BITSTAMPUSD from Quandl
Cached BCHARTS/BITSTAMPUSD at ./data/BCHARTS-BITSTAMPUSD.pkl
Downloading BCHARTS/ITBITUSD from Quandl
Cached BCHARTS/ITBITUSD at ./data/BCHARTS-ITBITUSD.pkl
Downloading BCHARTS/KRAKENUSD from Quandl
Cached BCHARTS/KRAKENUSD at ./data/BCHARTS-KRAKENUSD.pkl
Downloading https://poloniex.com/public?command=returnChartData&currencyPair=BTC_ETH&start=1420063200.0&end=1523688361.794135&period=86400
Cached response at ./data/BTC_ETH.pkl
Downloading https://poloniex.com/public?command=returnChartData&currencyPair=BTC_LTC&start=1420063200.0&end=1523688361.794135&period=86400
Cached response at ./data/BTC_LTC.pkl
Downloading https://poloniex.com/public?command=returnChartData&currencyPair=BTC_ETC&start=1420063200.0&end=1523688361.794135&period=86400
Cached response at ./data/BTC_ETC.pkl
Downloading https://poloniex.com/public?command=returnChartData&currencyPair=BTC_XRP&start=1420063200.0&end=1523688361.794135&period=86400
Cached response at ./data/BTC_XRP.pkl
Downloading https://poloniex.com/public?command=returnChartData&currencyPair=BTC_LSK&start=1420063200.0&end=1523688361.794135&period=86400
Cached response at ./data/BTC_LSK.pkl
Downloading https://poloniex.com/public?command=returnChartData&currencyPair=BTC_XMR&start=1420063200.0&end=1523688361.794135&period=86400
Cached response at ./data/BTC_XMR.pkl
Downloading https://poloniex.com/public?command=returnChartData&currencyPair=BTC_STRAT&start=1420063200.0&end=1523688361.794135&period=86400
Cached response at ./data/BTC_STRAT.pkl
Downloading https://poloniex.com/public?command=returnChartData&currencyPair=BTC_ZEC&start=1420063200.0&end=1523688361.794135&period=86400
Cached response at ./data/BTC_ZEC.pkl
Downloading https://poloniex.com/public?command=returnChartData&currencyPair=BTC_DASH&start=1420063200.0&end=1523688361.794135&period=86400
Cached response at ./data/BTC_DASH.pkl
Downloading https://poloniex.com/public?command=returnChartData&currencyPair=BTC_BTS&start=1420063200.0&end=1523688361.794135&period=86400
Cached response at ./data/BTC_BTS.pkl
Downloading https://poloniex.com/public?command=returnChartData&currencyPair=BTC_VIA&start=1420063200.0&end=1523688361.794135&period=86400
Cached response at ./data/BTC_VIA.pkl
Downloading https://poloniex.com/public?command=returnChartData&currencyPair=BTC_STEEM&start=1420063200.0&end=1523688361.794135&period=86400
Cached response at ./data/BTC_STEEM.pkl
ETH
LTC
ETC
XRP
LSK
XMR
STRAT
ZEC
DASH
BTS
VIA
STEEM
ETH
ETC
XRP
LSK
XMR
STRAT
ZEC
DASH
BTS
VIA
STEEM
Downloading BCHARTS/COINBASEUSD from Quandl
Cached BCHARTS/COINBASEUSD at ./data/BCHARTS-COINBASEUSD.pkl
Downloading BCHARTS/BITSTAMPUSD from Quandl
Cached BCHARTS/BITSTAMPUSD at ./data/BCHARTS-BITSTAMPUSD.pkl
Downloading BCHARTS/ITBITUSD from Quandl
Cached BCHARTS/ITBITUSD at ./data/BCHARTS-ITBITUSD.pkl
Downloading BCHARTS/KRAKENUSD from Quandl
Cached BCHARTS/KRAKENUSD at ./data/BCHARTS-KRAKENUSD.pkl
Downloading https://poloniex.com/public?command=returnChartData&currencyPair=BTC_ETH&start=1420063200.0&end=1523688463.98681&period=86400
Cached response at ./data/BTC_ETH.pkl
Downloading https://poloniex.com/public?command=returnChartData&currencyPair=BTC_LTC&start=1420063200.0&end=1523688463.98681&period=86400
Cached response at ./data/BTC_LTC.pkl
Downloading https://poloniex.com/public?command=returnChartData&currencyPair=BTC_ETC&start=1420063200.0&end=1523688463.98681&period=86400
Cached response at ./data/BTC_ETC.pkl
Downloading https://poloniex.com/public?command=returnChartData&currencyPair=BTC_XRP&start=1420063200.0&end=1523688463.98681&period=86400
Cached response at ./data/BTC_XRP.pkl
Downloading https://poloniex.com/public?command=returnChartData&currencyPair=BTC_LSK&start=1420063200.0&end=1523688463.98681&period=86400
Cached response at ./data/BTC_LSK.pkl
Downloading https://poloniex.com/public?command=returnChartData&currencyPair=BTC_XMR&start=1420063200.0&end=1523688463.98681&period=86400
Cached response at ./data/BTC_XMR.pkl
Downloading https://poloniex.com/public?command=returnChartData&currencyPair=BTC_STRAT&start=1420063200.0&end=1523688463.98681&period=86400
Cached response at ./data/BTC_STRAT.pkl
Downloading https://poloniex.com/public?command=returnChartData&currencyPair=BTC_ZEC&start=1420063200.0&end=1523688463.98681&period=86400
Cached response at ./data/BTC_ZEC.pkl
Downloading https://poloniex.com/public?command=returnChartData&currencyPair=BTC_DASH&start=1420063200.0&end=1523688463.98681&period=86400
Cached response at ./data/BTC_DASH.pkl
Downloading https://poloniex.com/public?command=returnChartData&currencyPair=BTC_BTS&start=1420063200.0&end=1523688463.98681&period=86400
Cached response at ./data/BTC_BTS.pkl
Downloading https://poloniex.com/public?command=returnChartData&currencyPair=BTC_VIA&start=1420063200.0&end=1523688463.98681&period=86400
Cached response at ./data/BTC_VIA.pkl
Downloading https://poloniex.com/public?command=returnChartData&currencyPair=BTC_STEEM&start=1420063200.0&end=1523688463.98681&period=86400
Cached response at ./data/BTC_STEEM.pkl
ETH
LTC
ETC
XRP
LSK
XMR
STRAT
ZEC
DASH
BTS
VIA
STEEM
ETH
ETC
XRP
LSK
XMR
STRAT
ZEC
DASH
VIA
STEEM
Downloading BCHARTS/COINBASEUSD from Quandl
Cached BCHARTS/COINBASEUSD at ./data/BCHARTS-COINBASEUSD.pkl
Downloading BCHARTS/BITSTAMPUSD from Quandl
Cached BCHARTS/BITSTAMPUSD at ./data/BCHARTS-BITSTAMPUSD.pkl
Downloading BCHARTS/ITBITUSD from Quandl
Cached BCHARTS/ITBITUSD at ./data/BCHARTS-ITBITUSD.pkl
Downloading BCHARTS/KRAKENUSD from Quandl
Cached BCHARTS/KRAKENUSD at ./data/BCHARTS-KRAKENUSD.pkl
Downloading https://poloniex.com/public?command=returnChartData&currencyPair=BTC_ETH&start=1420063200.0&end=1523688557.833496&period=86400
Cached response at ./data/BTC_ETH.pkl
Downloading https://poloniex.com/public?command=returnChartData&currencyPair=BTC_LTC&start=1420063200.0&end=1523688557.833496&period=86400
Cached response at ./data/BTC_LTC.pkl
Downloading https://poloniex.com/public?command=returnChartData&currencyPair=BTC_ETC&start=1420063200.0&end=1523688557.833496&period=86400
Cached response at ./data/BTC_ETC.pkl
Downloading https://poloniex.com/public?command=returnChartData&currencyPair=BTC_XRP&start=1420063200.0&end=1523688557.833496&period=86400
Cached response at ./data/BTC_XRP.pkl
Downloading https://poloniex.com/public?command=returnChartData&currencyPair=BTC_LSK&start=1420063200.0&end=1523688557.833496&period=86400
Cached response at ./data/BTC_LSK.pkl
Downloading https://poloniex.com/public?command=returnChartData&currencyPair=BTC_XMR&start=1420063200.0&end=1523688557.833496&period=86400
Cached response at ./data/BTC_XMR.pkl
Downloading https://poloniex.com/public?command=returnChartData&currencyPair=BTC_STRAT&start=1420063200.0&end=1523688557.833496&period=86400
Cached response at ./data/BTC_STRAT.pkl
Downloading https://poloniex.com/public?command=returnChartData&currencyPair=BTC_ZEC&start=1420063200.0&end=1523688557.833496&period=86400
Cached response at ./data/BTC_ZEC.pkl
Downloading https://poloniex.com/public?command=returnChartData&currencyPair=BTC_DASH&start=1420063200.0&end=1523688557.833496&period=86400
Cached response at ./data/BTC_DASH.pkl
Downloading https://poloniex.com/public?command=returnChartData&currencyPair=BTC_BTS&start=1420063200.0&end=1523688557.833496&period=86400
Cached response at ./data/BTC_BTS.pkl
Downloading https://poloniex.com/public?command=returnChartData&currencyPair=BTC_VIA&start=1420063200.0&end=1523688557.833496&period=86400
Cached response at ./data/BTC_VIA.pkl
Downloading https://poloniex.com/public?command=returnChartData&currencyPair=BTC_STEEM&start=1420063200.0&end=1523688557.833496&period=86400
Cached response at ./data/BTC_STEEM.pkl
ETH
LTC
ETC
XRP
LSK
XMR
STRAT
ZEC
DASH
BTS
VIA
STEEM
ETH
ETC
XRP
LSK
XMR
ZEC
DASH
BTS
VIA
STEEM
Downloading BCHARTS/COINBASEUSD from Quandl
Cached BCHARTS/COINBASEUSD at ./data/BCHARTS-COINBASEUSD.pkl
Downloading BCHARTS/BITSTAMPUSD from Quandl
Cached BCHARTS/BITSTAMPUSD at ./data/BCHARTS-BITSTAMPUSD.pkl
Downloading BCHARTS/ITBITUSD from Quandl
Cached BCHARTS/ITBITUSD at ./data/BCHARTS-ITBITUSD.pkl
Downloading BCHARTS/KRAKENUSD from Quandl
Cached BCHARTS/KRAKENUSD at ./data/BCHARTS-KRAKENUSD.pkl
Downloading https://poloniex.com/public?command=returnChartData&currencyPair=BTC_ETH&start=1420063200.0&end=1523688652.843939&period=86400
Cached response at ./data/BTC_ETH.pkl
Downloading https://poloniex.com/public?command=returnChartData&currencyPair=BTC_LTC&start=1420063200.0&end=1523688652.843939&period=86400
Cached response at ./data/BTC_LTC.pkl
Downloading https://poloniex.com/public?command=returnChartData&currencyPair=BTC_ETC&start=1420063200.0&end=1523688652.843939&period=86400
Cached response at ./data/BTC_ETC.pkl
Downloading https://poloniex.com/public?command=returnChartData&currencyPair=BTC_XRP&start=1420063200.0&end=1523688652.843939&period=86400
Cached response at ./data/BTC_XRP.pkl
Downloading https://poloniex.com/public?command=returnChartData&currencyPair=BTC_LSK&start=1420063200.0&end=1523688652.843939&period=86400
Cached response at ./data/BTC_LSK.pkl
Downloading https://poloniex.com/public?command=returnChartData&currencyPair=BTC_XMR&start=1420063200.0&end=1523688652.843939&period=86400
Cached response at ./data/BTC_XMR.pkl
Downloading https://poloniex.com/public?command=returnChartData&currencyPair=BTC_STRAT&start=1420063200.0&end=1523688652.843939&period=86400
Cached response at ./data/BTC_STRAT.pkl
Downloading https://poloniex.com/public?command=returnChartData&currencyPair=BTC_ZEC&start=1420063200.0&end=1523688652.843939&period=86400
Cached response at ./data/BTC_ZEC.pkl
Downloading https://poloniex.com/public?command=returnChartData&currencyPair=BTC_DASH&start=1420063200.0&end=1523688652.843939&period=86400
Cached response at ./data/BTC_DASH.pkl
Downloading https://poloniex.com/public?command=returnChartData&currencyPair=BTC_BTS&start=1420063200.0&end=1523688652.843939&period=86400
Cached response at ./data/BTC_BTS.pkl
Downloading https://poloniex.com/public?command=returnChartData&currencyPair=BTC_VIA&start=1420063200.0&end=1523688652.843939&period=86400
Cached response at ./data/BTC_VIA.pkl
Downloading https://poloniex.com/public?command=returnChartData&currencyPair=BTC_STEEM&start=1420063200.0&end=1523688652.843939&period=86400
Cached response at ./data/BTC_STEEM.pkl
ETH
LTC
ETC
XRP
LSK
XMR
STRAT
ZEC
DASH
BTS
VIA
STEEM
ETH
ETC
XRP
LSK
XMR
STRAT
ZEC
DASH
BTS
VIA
STEEM
Downloading BCHARTS/COINBASEUSD from Quandl
Cached BCHARTS/COINBASEUSD at ./data/BCHARTS-COINBASEUSD.pkl
Downloading BCHARTS/BITSTAMPUSD from Quandl
Cached BCHARTS/BITSTAMPUSD at ./data/BCHARTS-BITSTAMPUSD.pkl
Downloading BCHARTS/ITBITUSD from Quandl
Cached BCHARTS/ITBITUSD at ./data/BCHARTS-ITBITUSD.pkl
Downloading BCHARTS/KRAKENUSD from Quandl
Cached BCHARTS/KRAKENUSD at ./data/BCHARTS-KRAKENUSD.pkl
Downloading https://poloniex.com/public?command=returnChartData&currencyPair=BTC_ETH&start=1420063200.0&end=1523688751.97394&period=86400
Cached response at ./data/BTC_ETH.pkl
Downloading https://poloniex.com/public?command=returnChartData&currencyPair=BTC_LTC&start=1420063200.0&end=1523688751.97394&period=86400
Cached response at ./data/BTC_LTC.pkl
Downloading https://poloniex.com/public?command=returnChartData&currencyPair=BTC_ETC&start=1420063200.0&end=1523688751.97394&period=86400
Cached response at ./data/BTC_ETC.pkl
Downloading https://poloniex.com/public?command=returnChartData&currencyPair=BTC_XRP&start=1420063200.0&end=1523688751.97394&period=86400
Cached response at ./data/BTC_XRP.pkl
Downloading https://poloniex.com/public?command=returnChartData&currencyPair=BTC_LSK&start=1420063200.0&end=1523688751.97394&period=86400
Cached response at ./data/BTC_LSK.pkl
Downloading https://poloniex.com/public?command=returnChartData&currencyPair=BTC_XMR&start=1420063200.0&end=1523688751.97394&period=86400
Cached response at ./data/BTC_XMR.pkl
Downloading https://poloniex.com/public?command=returnChartData&currencyPair=BTC_STRAT&start=1420063200.0&end=1523688751.97394&period=86400
Cached response at ./data/BTC_STRAT.pkl
Downloading https://poloniex.com/public?command=returnChartData&currencyPair=BTC_ZEC&start=1420063200.0&end=1523688751.97394&period=86400
Cached response at ./data/BTC_ZEC.pkl
Downloading https://poloniex.com/public?command=returnChartData&currencyPair=BTC_DASH&start=1420063200.0&end=1523688751.97394&period=86400
Cached response at ./data/BTC_DASH.pkl
Downloading https://poloniex.com/public?command=returnChartData&currencyPair=BTC_BTS&start=1420063200.0&end=1523688751.97394&period=86400
Cached response at ./data/BTC_BTS.pkl
Downloading https://poloniex.com/public?command=returnChartData&currencyPair=BTC_VIA&start=1420063200.0&end=1523688751.97394&period=86400
Cached response at ./data/BTC_VIA.pkl
Downloading https://poloniex.com/public?command=returnChartData&currencyPair=BTC_STEEM&start=1420063200.0&end=1523688751.97394&period=86400
Cached response at ./data/BTC_STEEM.pkl
ETH
LTC
ETC
XRP
LSK
XMR
STRAT
ZEC
DASH
BTS
VIA
STEEM
ETH
ETC
XRP
LSK
XMR
STRAT
ZEC
DASH
BTS
VIA
STEEM
Downloading BCHARTS/COINBASEUSD from Quandl
Cached BCHARTS/COINBASEUSD at ./data/BCHARTS-COINBASEUSD.pkl
Downloading BCHARTS/BITSTAMPUSD from Quandl
Cached BCHARTS/BITSTAMPUSD at ./data/BCHARTS-BITSTAMPUSD.pkl
Downloading BCHARTS/ITBITUSD from Quandl
Cached BCHARTS/ITBITUSD at ./data/BCHARTS-ITBITUSD.pkl
Downloading BCHARTS/KRAKENUSD from Quandl
Cached BCHARTS/KRAKENUSD at ./data/BCHARTS-KRAKENUSD.pkl
Downloading https://poloniex.com/public?command=returnChartData&currencyPair=BTC_ETH&start=1420063200.0&end=1523688859.656629&period=86400
Cached response at ./data/BTC_ETH.pkl
Downloading https://poloniex.com/public?command=returnChartData&currencyPair=BTC_LTC&start=1420063200.0&end=1523688859.656629&period=86400
Cached response at ./data/BTC_LTC.pkl
Downloading https://poloniex.com/public?command=returnChartData&currencyPair=BTC_ETC&start=1420063200.0&end=1523688859.656629&period=86400
Cached response at ./data/BTC_ETC.pkl
Downloading https://poloniex.com/public?command=returnChartData&currencyPair=BTC_XRP&start=1420063200.0&end=1523688859.656629&period=86400
Cached response at ./data/BTC_XRP.pkl
Downloading https://poloniex.com/public?command=returnChartData&currencyPair=BTC_LSK&start=1420063200.0&end=1523688859.656629&period=86400
Cached response at ./data/BTC_LSK.pkl
Downloading https://poloniex.com/public?command=returnChartData&currencyPair=BTC_XMR&start=1420063200.0&end=1523688859.656629&period=86400
Cached response at ./data/BTC_XMR.pkl
Downloading https://poloniex.com/public?command=returnChartData&currencyPair=BTC_STRAT&start=1420063200.0&end=1523688859.656629&period=86400
Cached response at ./data/BTC_STRAT.pkl
Downloading https://poloniex.com/public?command=returnChartData&currencyPair=BTC_ZEC&start=1420063200.0&end=1523688859.656629&period=86400
Cached response at ./data/BTC_ZEC.pkl
Downloading https://poloniex.com/public?command=returnChartData&currencyPair=BTC_DASH&start=1420063200.0&end=1523688859.656629&period=86400
Cached response at ./data/BTC_DASH.pkl
Downloading https://poloniex.com/public?command=returnChartData&currencyPair=BTC_BTS&start=1420063200.0&end=1523688859.656629&period=86400
Cached response at ./data/BTC_BTS.pkl
Downloading https://poloniex.com/public?command=returnChartData&currencyPair=BTC_VIA&start=1420063200.0&end=1523688859.656629&period=86400
Cached response at ./data/BTC_VIA.pkl
Downloading https://poloniex.com/public?command=returnChartData&currencyPair=BTC_STEEM&start=1420063200.0&end=1523688859.656629&period=86400
Cached response at ./data/BTC_STEEM.pkl
ETH
LTC
ETC
XRP
LSK
XMR
STRAT
ZEC
DASH
BTS
VIA
STEEM
ETH
ETC
XRP
LSK
XMR
STRAT
ZEC
DASH
BTS
VIA
STEEM
Downloading BCHARTS/COINBASEUSD from Quandl
Cached BCHARTS/COINBASEUSD at ./data/BCHARTS-COINBASEUSD.pkl
Downloading BCHARTS/BITSTAMPUSD from Quandl
Cached BCHARTS/BITSTAMPUSD at ./data/BCHARTS-BITSTAMPUSD.pkl
Downloading BCHARTS/ITBITUSD from Quandl
Cached BCHARTS/ITBITUSD at ./data/BCHARTS-ITBITUSD.pkl
Downloading BCHARTS/KRAKENUSD from Quandl
Cached BCHARTS/KRAKENUSD at ./data/BCHARTS-KRAKENUSD.pkl
Downloading https://poloniex.com/public?command=returnChartData&currencyPair=BTC_ETH&start=1420063200.0&end=1523688960.261577&period=86400
Cached response at ./data/BTC_ETH.pkl
Downloading https://poloniex.com/public?command=returnChartData&currencyPair=BTC_LTC&start=1420063200.0&end=1523688960.261577&period=86400